625,100,3.617096424102783,27.646484438082098,2026-04-16 14:38:56.537214
626,100,0.6362648010253906,157.16726721145372,2026-04-16 14:39:02.928471
627,100,1.0125179290771484,98.76368321807814,2026-04-16 14:39:04.951163
628,100,0.6668758392333984,149.95295093454604,2026-04-16 14:39:06.986626
629,100,0.7338204383850098,136.27311910265098,2026-04-16 14:39:08.439380
630,100,0.4787862300872803,208.8614787057901,2026-04-16 14:39:09.838692
631,100,0.47212719917297363,211.80732687116998,2026-04-16 14:39:11.269961
632,100,0.49732542037963867,201.0755853253267,2026-04-16 14:39:12.388345
633,100,0.40398454666137695,247.53422086667288,2026-04-16 14:39:13.450658
634,100,0.4634273052215576,215.78357354707768,2026-04-16 14:39:14.578621
635,100,0.2666747570037842,374.98862330858327,2026-04-16 14:39:15.922464
636,100,0.32869505882263184,304.23335342549615,2026-04-16 14:39:16.781252
637,100,-0.0908045768737793,0,2026-04-16 14:39:17.611898
638,100,0.4142165184020996,241.41963334964169,2026-04-16 14:39:18.306789
639,100,0.29455089569091797,339.49990124943747,2026-04-16 14:39:19.339904
640,100,0.295682430267334,338.2006834480746,2026-04-16 14:39:20.355085
641,100,0.2694282531738281,371.1563238896204,2026-04-16 14:39:21.187115
642,100,0.4196207523345947,238.31042541066364,2026-04-16 14:39:21.971576
643,100,0.2573845386505127,388.52372611155215,2026-04-16 14:39:22.909388
644,100,0.2862403392791748,349.35676869243923,2026-04-16 14:39:23.648863
645,100,0.23183155059814453,431.3476735241245,2026-04-16 14:39:24.467861
646,100,0.2542259693145752,393.3508455867527,2026-04-16 14:39:25.202688
647,100,0.5244746208190918,190.6669951804841,2026-04-16 14:39:26.068563
648,100,0.3487386703491211,286.7476666694013,2026-04-16 14:39:27.295376
649,100,0.2700464725494385,370.30663298774476,2026-04-16 14:39:28.331254
650,100,0.48975062370300293,204.1855490533127,2026-04-16 14:39:29.201738
651,100,0.3641388416290283,274.6205253815698,2026-04-16 14:39:30.672310
652,100,0.5070497989654541,197.21928734422616,2026-04-16 14:39:31.555438
653,100,0.2635481357574463,379.4373263639168,2026-04-16 14:39:32.665150
654,100,0.2348155975341797,425.8660883267945,2026-04-16 14:39:33.477945
655,100,0.23754453659057617,420.9736895458752,2026-04-16 14:39:34.242349
656,100,0.3550431728363037,281.65588765202375,2026-04-16 14:39:34.972609
657,100,0.39548373222351074,252.85490110496937,2026-04-16 14:39:35.796285
658,100,0.2981083393096924,335.44851590385787,2026-04-16 14:39:36.680499
659,100,0.2537076473236084,394.15445712776767,2026-04-16 14:39:37.570246
660,100,0.38460445404052734,260.00738927860306,2026-04-16 14:39:38.474908
661,100,0.2693483829498291,371.266383353884,2026-04-16 14:39:39.354561
662,100,0.35503220558166504,281.6645882481719,2026-04-16 14:39:40.456304
663,100,0.2485370635986328,402.35447603699015,2026-04-16 14:39:41.391540
664,100,0.22754836082458496,439.46701983535326,2026-04-16 14:39:42.119026
665,100,0.2558400630950928,390.8691969124131,2026-04-16 14:39:42.960073
666,100,0.29105186462402344,343.581375536551,2026-04-16 14:39:43.686962
667,100,0.49449729919433594,202.22557365414508,2026-04-16 14:39:44.569710
668,100,0.20013689994812012,499.6579842393991,2026-04-16 14:39:45.722831
669,100,0.2750086784362793,363.62488838027866,2026-04-16 14:39:46.456164
670,100,0.3088064193725586,323.8274651258311,2026-04-16 14:39:47.266243
671,100,0.24945998191833496,400.86589933585714,2026-04-16 14:39:48.162602
672,100,0.34939002990722656,286.2130897855127,2026-04-16 14:39:49.000370
673,100,-0.1861591339111328,0,2026-04-16 14:39:49.840753
674,100,0.2420361042022705,413.1615005521226,2026-04-16 14:39:50.185267
675,100,0.39353418350219727,254.10753167632174,2026-04-16 14:39:51.140507
676,100,0.2768137454986572,361.2537369481353,2026-04-16 14:39:52.348632
677,100,0.2530536651611328,395.1730947517581,2026-04-16 14:39:53.379272
678,100,0.34536147117614746,289.5516968335944,2026-04-16 14:39:54.574618
679,100,0.4267919063568115,234.3062239713535,2026-04-16 14:39:55.597840
680,100,0.3447146415710449,290.09501756075025,2026-04-16 14:39:56.645442
681,100,0.3249483108520508,307.7412519480062,2026-04-16 14:39:57.712938
682,100,0.4058194160461426,246.41502117934587,2026-04-16 14:39:58.571974
683,100,0.5854921340942383,170.79648756460395,2026-04-16 14:40:00.061168
684,100,0.3563053607940674,280.6581404701252,2026-04-16 14:40:01.356673
685,100,0.35120606422424316,284.73312447176465,2026-04-16 14:40:02.707793
686,100,0.28347206115722656,352.76845129557734,2026-04-16 14:40:03.775479
687,100,0.3711543083190918,269.4297163163392,2026-04-16 14:40:05.761431
688,100,0.4761984348297119,209.9964902987552,2026-04-16 14:40:06.780070
689,100,1.217862844467163,82.1110525329737,2026-04-16 14:40:08.486878
690,100,0.39470362663269043,253.3546520793932,2026-04-16 14:40:10.429847
691,100,0.5187828540802002,192.75887630731276,2026-04-16 14:40:11.355553
692,100,0.46318721771240234,215.89542236049144,2026-04-16 14:40:12.573602
693,100,0.27811121940612793,359.5683777646138,2026-04-16 14:40:13.611376
694,100,0.4059615135192871,246.32876927937906,2026-04-16 14:40:14.659112
695,100,0.48825669288635254,204.81030051804362,2026-04-16 14:40:16.146462
696,100,0.2608916759490967,383.30084559505565,2026-04-16 14:40:17.257340
697,100,0.2280874252319336,438.42837849703346,2026-04-16 14:40:17.985765
698,100,0.6610798835754395,151.26764931819085,2026-04-16 14:40:18.877938
699,100,0.43451380729675293,230.14228390607758,2026-04-16 14:40:20.208168
700,100,0.2606022357940674,383.7265620354148,2026-04-16 14:40:21.161177
701,100,-0.4209749698638916,0,2026-04-16 14:40:21.906038
702,100,0.19902253150939941,502.45567294111726,2026-04-16 14:40:22.026850
703,100,0.2560126781463623,390.60565564190557,2026-04-16 14:40:22.757462
704,100,0.32746124267578125,305.3796509866965,2026-04-16 14:40:23.632920
705,100,0.45398807525634766,220.2701027852643,2026-04-16 14:40:24.517220
706,100,0.21350550651550293,468.37199485877835,2026-04-16 14:40:25.540795
707,100,0.299990177154541,333.34424796344126,2026-04-16 14:40:26.240972
708,100,0.24643492698669434,405.7866359397962,2026-04-16 14:40:27.130994
709,100,0.23909711837768555,418.24008870753835,2026-04-16 14:40:27.977796
710,100,0.4118969440460205,242.77917436752622,2026-04-16 14:40:28.682681
711,100,0.22160053253173828,451.26245346760487,2026-04-16 14:40:29.616273
